\BOOKMARK [1][-]{section.1}{\376\377\000P\000e\000n\000d\000a\000h\000u\000l\000u\000a\000n}{}% 1
\BOOKMARK [2][-]{subsection.1.1}{\376\377\000L\000a\000t\000a\000r\000\040\000B\000e\000l\000a\000k\000a\000n\000g}{section.1}% 2
\BOOKMARK [2][-]{subsection.1.2}{\376\377\000T\000u\000j\000u\000a\000n}{section.1}% 3
\BOOKMARK [2][-]{subsection.1.3}{\376\377\000B\000a\000t\000a\000s\000a\000n\000\040\000M\000a\000s\000a\000l\000a\000h\000\040\000a\000t\000a\000u\000\040\000R\000u\000a\000n\000g\000\040\000L\000i\000n\000g\000k\000u\000p}{section.1}% 4
\BOOKMARK [2][-]{subsection.1.4}{\376\377\000M\000a\000n\000f\000a\000a\000t}{section.1}% 5
\BOOKMARK [1][-]{section.2}{\376\377\000T\000i\000n\000j\000a\000u\000a\000n\000\040\000P\000u\000s\000t\000a\000k\000a}{}% 6
\BOOKMARK [2][-]{subsection.2.1}{\376\377\000E\000D\000A\000\040\000\050\000E\000x\000p\000l\000o\000r\000a\000t\000o\000r\000y\000\040\000D\000a\000t\000a\000\040\000A\000n\000a\000l\000y\000s\000i\000s\000\051}{section.2}% 7
\BOOKMARK [2][-]{subsection.2.2}{\376\377\000R\000e\000g\000r\000e\000s\000i\000\040\000L\000i\000n\000i\000e\000r}{section.2}% 8
\BOOKMARK [2][-]{subsection.2.3}{\376\377\000M\000e\000t\000a\000d\000a\000t\000a\000\040\000Y\000o\000u\000t\000u\000b\000e}{section.2}% 9
\BOOKMARK [2][-]{subsection.2.4}{\376\377\000R\000M\000S\000E\000\040\000\050\000R\000o\000o\000t\000\040\000M\000e\000a\000n\000\040\000S\000q\000u\000a\000r\000e\000\040\000E\000r\000r\000o\000r\000\051}{section.2}% 10
\BOOKMARK [2][-]{subsection.2.5}{\376\377\000R\0002\000\040\000\050\000K\000o\000e\000f\000i\000s\000i\000e\000n\000\040\000D\000e\000t\000e\000r\000m\000i\000n\000a\000s\000i\000\051}{section.2}% 11
\BOOKMARK [2][-]{subsection.2.6}{\376\377\000M\000o\000d\000e\000l\000i\000n\000g}{section.2}% 12
\BOOKMARK [2][-]{subsection.2.7}{\376\377\000S\000c\000i\000k\000i\000t\000-\000l\000e\000a\000r\000n}{section.2}% 13
\BOOKMARK [2][-]{subsection.2.8}{\376\377\000M\000a\000t\000p\000l\000o\000t\000l\000i\000b\000\040\000d\000a\000n\000\040\000S\000e\000a\000b\000o\000r\000n}{section.2}% 14
\BOOKMARK [2][-]{subsection.2.9}{\376\377\000P\000a\000n\000d\000a\000s}{section.2}% 15
\BOOKMARK [1][-]{section.3}{\376\377\000D\000e\000s\000a\000i\000n\000\040\000d\000a\000n\000\040\000I\000m\000p\000l\000e\000m\000e\000n\000t\000a\000s\000i}{}% 16
\BOOKMARK [2][-]{subsection.3.1}{\376\377\000D\000e\000s\000k\000r\000i\000p\000s\000i\000\040\000s\000i\000s\000t\000e\000m}{section.3}% 17
\BOOKMARK [2][-]{subsection.3.2}{\376\377\000F\000e\000a\000t\000u\000r\000e\000\040\000E\000x\000t\000r\000a\000c\000t\000i\000o\000n}{section.3}% 18
\BOOKMARK [3][-]{subsubsection.3.2.1}{\376\377\000D\000e\000s\000k\000r\000i\000p\000s\000i\000\040\000D\000a\000t\000a\000s\000e\000t}{subsection.3.2}% 19
\BOOKMARK [1][-]{section.4}{\376\377\000S\000u\000m\000m\000a\000r\000y\000\040\000d\000a\000n\000\040\000A\000p\000p\000e\000n\000d\000i\000x}{}% 20
\BOOKMARK [2][-]{subsection.4.1}{\376\377\000S\000u\000m\000m\000a\000r\000y}{section.4}% 21
\BOOKMARK [2][-]{subsection.4.2}{\376\377\000A\000p\000p\000e\000n\000d\000i\000x}{section.4}% 22
